Using pre-set license
Built from '2020.3/release' branch; Version is '2020.3.7f1 (dd97f2c94397) revision 14522354'; Using compiler version '192528614'; Build Type 'Release'
OS: 'Windows 10 Pro; OS build 19042.631; Version 2009; 64bit' Language: 'es' Physical Memory: 8081 MB
BatchMode: 1, IsHumanControllingUs: 0, StartBugReporterOnCrash: 0, Is64bit: 1, IsPro: 0

 COMMAND LINE ARGUMENTS:
C:\Program Files\Unity\Hub\Editor\2020.3.7f1\Editor\Unity.exe
-adb2
-batchMode
-noUpm
-name
AssetImportWorker0
-projectPath
C:/Users/Sebastian/Documents/SaltoRana/SaltoRana
-logFile
Logs/AssetImportWorker0.log
-srvPort
11988
Successfully changed project path to: C:/Users/Sebastian/Documents/SaltoRana/SaltoRana
C:/Users/Sebastian/Documents/SaltoRana/SaltoRana
Using Asset Import Pipeline V2.
Refreshing native plugins compatible for Editor in 62.82 ms, found 1 plugins.
Preloading 0 native plugins for Editor in 0.00 ms.
Initialize engine version: 2020.3.7f1 (dd97f2c94397)
[Subsystems] Discovering subsystems at path C:/Program Files/Unity/Hub/Editor/2020.3.7f1/Editor/Data/Resources/UnitySubsystems
[Subsystems] Discovering subsystems at path C:/Users/Sebastian/Documents/SaltoRana/SaltoRana/Assets
GfxDevice: creating device client; threaded=0
Direct3D:
    Version:  Direct3D 11.0 [level 11.1]
    Renderer: NVIDIA GeForce GTX 1050 (ID=0x1c8d)
    Vendor:   
    VRAM:     4019 MB
    Driver:   27.21.14.6611
Initialize mono
Mono path[0] = 'C:/Program Files/Unity/Hub/Editor/2020.3.7f1/Editor/Data/Managed'
Mono path[1] = 'C:/Program Files/Unity/Hub/Editor/2020.3.7f1/Editor/Data/MonoBleedingEdge/lib/mono/unityjit'
Mono config path = 'C:/Program Files/Unity/Hub/Editor/2020.3.7f1/Editor/Data/MonoBleedingEdge/etc'
Using monoOptions --debugger-agent=transport=dt_socket,embedding=1,server=y,suspend=n,address=127.0.0.1:56784
Begin MonoManager ReloadAssembly
Registering precompiled unity dll's ...
Register platform support module: C:/Program Files/Unity/Hub/Editor/2020.3.7f1/Editor/Data/PlaybackEngines/WebGLSupport/UnityEditor.WebGL.Extensions.dll
Register platform support module: C:/Program Files/Unity/Hub/Editor/2020.3.7f1/Editor/Data/PlaybackEngines/WindowsStandaloneSupport/UnityEditor.WindowsStandalone.Extensions.dll
Registered in 0.003323 seconds.
Native extension for WindowsStandalone target not found
Native extension for WebGL target not found
Refreshing native plugins compatible for Editor in 55.70 ms, found 1 plugins.
Preloading 0 native plugins for Editor in 0.00 ms.
Mono: successfully reloaded assembly
- Completed reload, in  1.768 seconds
Platform modules already initialized, skipping
Registering precompiled user dll's ...
Registered in 0.001783 seconds.
Begin MonoManager ReloadAssembly
Native extension for WindowsStandalone target not found
Native extension for WebGL target not found
Refreshing native plugins compatible for Editor in 61.81 ms, found 1 plugins.
Preloading 0 native plugins for Editor in 0.00 ms.
Mono: successfully reloaded assembly
- Completed reload, in  1.501 seconds
Platform modules already initialized, skipping
========================================================================
Worker process is ready to serve import requests
Launched and connected shader compiler UnityShaderCompiler.exe after 0.09 seconds
Refreshing native plugins compatible for Editor in 0.79 ms, found 1 plugins.
Preloading 0 native plugins for Editor in 0.00 ms.
Unloading 1811 Unused Serialized files (Serialized files now loaded: 0)
System memory in use before: 84.9 MB.
System memory in use after: 84.9 MB.

Unloading 24 unused Assets to reduce memory usage. Loaded Objects now: 2253.
Total: 3.891500 ms (FindLiveObjects: 0.491400 ms CreateObjectMapping: 0.463700 ms MarkObjects: 2.764200 ms  DeleteObjects: 0.170200 ms)

========================================================================
Received Import Request.
  path: Assets/Images/smallicon_frog@2x.png
  artifactKey: Guid(a411dafa8bb5e404a90c4607ec7bd592) Importer(815301076,1909f56bfc062723c751e8b465ee728b)
Start importing Assets/Images/smallicon_frog@2x.png using Guid(a411dafa8bb5e404a90c4607ec7bd592) Importer(815301076,1909f56bfc062723c751e8b465ee728b)  -> (artifact id: '7ffaec7c6c7ed29a88af68ee793f2ce4') in 0.504480 seconds
  Import took 0.511030 seconds .

========================================================================
Received Import Request.
  Time since last request: 0.000290 seconds.
  path: Assets/Images/lilypad_orange.png
  artifactKey: Guid(bae2bf7b239822a49b46646b9c02e0cc) Importer(815301076,1909f56bfc062723c751e8b465ee728b)
Start importing Assets/Images/lilypad_orange.png using Guid(bae2bf7b239822a49b46646b9c02e0cc) Importer(815301076,1909f56bfc062723c751e8b465ee728b)  -> (artifact id: 'c4855b582d355357922e749345342b11') in 0.018797 seconds
  Import took 0.026638 seconds .

========================================================================
Received Import Request.
  Time since last request: 0.000323 seconds.
  path: Assets/Images/frog4@2x.png
  artifactKey: Guid(8e8f7e59fa1258844ab1d686e7533797) Importer(815301076,1909f56bfc062723c751e8b465ee728b)
Start importing Assets/Images/frog4@2x.png using Guid(8e8f7e59fa1258844ab1d686e7533797) Importer(815301076,1909f56bfc062723c751e8b465ee728b)  -> (artifact id: '4c1fa9e40c1392eddd5d03e6d8df643b') in 0.022148 seconds
  Import took 0.029112 seconds .

========================================================================
Received Import Request.
  Time since last request: 0.000182 seconds.
  path: Assets/Images/frog1@2x.png
  artifactKey: Guid(c4d3c55a06b200d488f7f427b6144137) Importer(815301076,1909f56bfc062723c751e8b465ee728b)
Start importing Assets/Images/frog1@2x.png using Guid(c4d3c55a06b200d488f7f427b6144137) Importer(815301076,1909f56bfc062723c751e8b465ee728b)  -> (artifact id: 'd05be77dca7773948fd766bf8301d06e') in 0.023355 seconds
  Import took 0.027615 seconds .

========================================================================
Received Import Request.
  Time since last request: 0.000163 seconds.
  path: Assets/Images/lilypad_green@2x.png
  artifactKey: Guid(5226ba068aed4c344b325c9aa3f1ed99) Importer(815301076,1909f56bfc062723c751e8b465ee728b)
Start importing Assets/Images/lilypad_green@2x.png using Guid(5226ba068aed4c344b325c9aa3f1ed99) Importer(815301076,1909f56bfc062723c751e8b465ee728b)  -> (artifact id: 'd88f13afd293bff15d467470482af3d5') in 0.024480 seconds
  Import took 0.027601 seconds .

========================================================================
Received Import Request.
  Time since last request: 0.000181 seconds.
  path: Assets/Images/bg_tile.png
  artifactKey: Guid(370e87c65b65350458cd419028e4776a) Importer(815301076,1909f56bfc062723c751e8b465ee728b)
Start importing Assets/Images/bg_tile.png using Guid(370e87c65b65350458cd419028e4776a) Importer(815301076,1909f56bfc062723c751e8b465ee728b)  -> (artifact id: '879d114ce486ede5e978629620010884') in 0.019608 seconds
  Import took 0.023066 seconds .

========================================================================
Received Import Request.
  Time since last request: 0.000172 seconds.
  path: Assets/Images/smallicon_frog.png
  artifactKey: Guid(cc4594cf8cdeeb74b86f5e15a46b7542) Importer(815301076,1909f56bfc062723c751e8b465ee728b)
Start importing Assets/Images/smallicon_frog.png using Guid(cc4594cf8cdeeb74b86f5e15a46b7542) Importer(815301076,1909f56bfc062723c751e8b465ee728b)  -> (artifact id: '8eb5c19ae7367ee4129e3bf0e2849791') in 0.021091 seconds
  Import took 0.029900 seconds .

========================================================================
Received Import Request.
  Time since last request: 0.000263 seconds.
  path: Assets/Images/frog7@2x.png
  artifactKey: Guid(aece29f326327844499393b24570660d) Importer(815301076,1909f56bfc062723c751e8b465ee728b)
Start importing Assets/Images/frog7@2x.png using Guid(aece29f326327844499393b24570660d) Importer(815301076,1909f56bfc062723c751e8b465ee728b)  -> (artifact id: '753da2d85b5717f1893cf584d795c1e0') in 0.030476 seconds
  Import took 0.037004 seconds .

========================================================================
Received Import Request.
  Time since last request: 0.001657 seconds.
  path: Assets/Images/lilypad_green.png
  artifactKey: Guid(c95dc7e31dc86c046a45801261c9afdc) Importer(815301076,1909f56bfc062723c751e8b465ee728b)
Start importing Assets/Images/lilypad_green.png using Guid(c95dc7e31dc86c046a45801261c9afdc) Importer(815301076,1909f56bfc062723c751e8b465ee728b)  -> (artifact id: '6d54a17f9c2864bc15a050e98c7117a9') in 0.054131 seconds
  Import took 0.074655 seconds .

========================================================================
Received Import Request.
  Time since last request: 0.000275 seconds.
  path: Assets/Images/frog_dead@2x.png
  artifactKey: Guid(0b0ea9a1f0ff32c4aba841021def9e5a) Importer(815301076,1909f56bfc062723c751e8b465ee728b)
Start importing Assets/Images/frog_dead@2x.png using Guid(0b0ea9a1f0ff32c4aba841021def9e5a) Importer(815301076,1909f56bfc062723c751e8b465ee728b)  -> (artifact id: '17ca21b1c03e226b62bdad3f587472ce') in 0.015727 seconds
  Import took 0.020663 seconds .

========================================================================
Received Import Request.
  Time since last request: 0.000254 seconds.
  path: Assets/Images/frog5.png
  artifactKey: Guid(d504fe7f64cdd6c44b33698aa31f3fea) Importer(815301076,1909f56bfc062723c751e8b465ee728b)
Start importing Assets/Images/frog5.png using Guid(d504fe7f64cdd6c44b33698aa31f3fea) Importer(815301076,1909f56bfc062723c751e8b465ee728b)  -> (artifact id: '0ec316f7d468d4351933a45d77469c0c') in 0.025458 seconds
  Import took 0.029731 seconds .

========================================================================
Received Import Request.
  Time since last request: 0.000277 seconds.
  path: Assets/Images/frog6@2x.png
  artifactKey: Guid(51c51b63e6c6b0d45946d5813156c239) Importer(815301076,1909f56bfc062723c751e8b465ee728b)
Start importing Assets/Images/frog6@2x.png using Guid(51c51b63e6c6b0d45946d5813156c239) Importer(815301076,1909f56bfc062723c751e8b465ee728b)  -> (artifact id: '355e643f14ebd2b371a31f490ea9c45d') in 0.017889 seconds
  Import took 0.022992 seconds .

========================================================================
Received Import Request.
  Time since last request: 0.000321 seconds.
  path: Assets/Images/frog7.png
  artifactKey: Guid(86513c4a541b7694e9167787b397bea4) Importer(815301076,1909f56bfc062723c751e8b465ee728b)
Start importing Assets/Images/frog7.png using Guid(86513c4a541b7694e9167787b397bea4) Importer(815301076,1909f56bfc062723c751e8b465ee728b)  -> (artifact id: '3e65079250c327ca9a0d14a6ac8bf1fd') in 0.023114 seconds
  Import took 0.028994 seconds .

========================================================================
Received Import Request.
  Time since last request: 0.000248 seconds.
  path: Assets/Images/lilypad_3.png
  artifactKey: Guid(1f88ebe74b1dcdc44b150dafa0ec2418) Importer(815301076,1909f56bfc062723c751e8b465ee728b)
Start importing Assets/Images/lilypad_3.png using Guid(1f88ebe74b1dcdc44b150dafa0ec2418) Importer(815301076,1909f56bfc062723c751e8b465ee728b)  -> (artifact id: 'ada78d99b19ff8c30b8670f64db6b93f') in 0.051546 seconds
  Import took 0.059224 seconds .

========================================================================
Received Import Request.
  Time since last request: 0.000295 seconds.
  path: Assets/Images/lilypad_orange@2x.png
  artifactKey: Guid(57d01a0bfa9b9bc4aac3d4f74e6e2de1) Importer(815301076,1909f56bfc062723c751e8b465ee728b)
Start importing Assets/Images/lilypad_orange@2x.png using Guid(57d01a0bfa9b9bc4aac3d4f74e6e2de1) Importer(815301076,1909f56bfc062723c751e8b465ee728b)  -> (artifact id: '6bac008bb04f059267d043a5bc92da9e') in 0.019569 seconds
  Import took 0.024284 seconds .

========================================================================
Received Import Request.
  Time since last request: 0.000231 seconds.
  path: Assets/Images/lilypad_2.png
  artifactKey: Guid(43a02c551537c9c419ff93eccfcc0776) Importer(815301076,1909f56bfc062723c751e8b465ee728b)
Start importing Assets/Images/lilypad_2.png using Guid(43a02c551537c9c419ff93eccfcc0776) Importer(815301076,1909f56bfc062723c751e8b465ee728b)  -> (artifact id: 'e5dd76efcb9525070d1a6877a13c1c1d') in 0.021850 seconds
  Import took 0.037240 seconds .

========================================================================
Received Import Request.
  Time since last request: 0.000892 seconds.
  path: Assets/Images/frog1.png
  artifactKey: Guid(bb8786e5b70e9ca4a985a62044ea433a) Importer(815301076,1909f56bfc062723c751e8b465ee728b)
Start importing Assets/Images/frog1.png using Guid(bb8786e5b70e9ca4a985a62044ea433a) Importer(815301076,1909f56bfc062723c751e8b465ee728b)  -> (artifact id: '89547763207c2ccc573438e105d85efc') in 0.035662 seconds
  Import took 0.041390 seconds .

========================================================================
Received Import Request.
  Time since last request: 0.000195 seconds.
  path: Assets/Images/frog2@2x.png
  artifactKey: Guid(fde1a745cc72e9e40ba87b3f23d7503d) Importer(815301076,1909f56bfc062723c751e8b465ee728b)
Start importing Assets/Images/frog2@2x.png using Guid(fde1a745cc72e9e40ba87b3f23d7503d) Importer(815301076,1909f56bfc062723c751e8b465ee728b)  -> (artifact id: '60d14db53ec3a5eee9d48d99cb764083') in 0.017820 seconds
  Import took 0.021435 seconds .

========================================================================
Received Import Request.
  Time since last request: 0.000254 seconds.
  path: Assets/Images/frog3.png
  artifactKey: Guid(ca21abbc5e5ee974ab02e74098549ab1) Importer(815301076,1909f56bfc062723c751e8b465ee728b)
Start importing Assets/Images/frog3.png using Guid(ca21abbc5e5ee974ab02e74098549ab1) Importer(815301076,1909f56bfc062723c751e8b465ee728b)  -> (artifact id: '3a8a033da7481f6dbd78e300852d1d07') in 0.024273 seconds
  Import took 0.030499 seconds .

========================================================================
Received Import Request.
  Time since last request: 0.000159 seconds.
  path: Assets/Images/FrogLilypad_1024x1024.png
  artifactKey: Guid(b7983d5c66b275e4baca2fefa244ca93) Importer(815301076,1909f56bfc062723c751e8b465ee728b)
Start importing Assets/Images/FrogLilypad_1024x1024.png using Guid(b7983d5c66b275e4baca2fefa244ca93) Importer(815301076,1909f56bfc062723c751e8b465ee728b)  -> (artifact id: '3fd121196a45b28ba03dc7aec9aa047e') in 0.023237 seconds
  Import took 0.026962 seconds .

========================================================================
Received Import Request.
  Time since last request: 0.000155 seconds.
  path: Assets/Images/bg_tile@2x.png
  artifactKey: Guid(4482fe2bb3d5f0c4191d574856a7d142) Importer(815301076,1909f56bfc062723c751e8b465ee728b)
Start importing Assets/Images/bg_tile@2x.png using Guid(4482fe2bb3d5f0c4191d574856a7d142) Importer(815301076,1909f56bfc062723c751e8b465ee728b)  -> (artifact id: '98494559231f91ab255a777293b9c82f') in 0.020466 seconds
  Import took 0.023836 seconds .

========================================================================
Received Import Request.
  Time since last request: 0.000465 seconds.
  path: Assets/Images/frog2.png
  artifactKey: Guid(f29d4d0ff40d1aa448fc26c80c25a42d) Importer(815301076,1909f56bfc062723c751e8b465ee728b)
Start importing Assets/Images/frog2.png using Guid(f29d4d0ff40d1aa448fc26c80c25a42d) Importer(815301076,1909f56bfc062723c751e8b465ee728b)  -> (artifact id: 'bd6f6af841dec08b78037efaf17c8611') in 0.020955 seconds
  Import took 0.026527 seconds .

========================================================================
Received Import Request.
  Time since last request: 0.000171 seconds.
  path: Assets/Images/frog_dead.png
  artifactKey: Guid(6c634e9889ed319489095f2cb187ffed) Importer(815301076,1909f56bfc062723c751e8b465ee728b)
Start importing Assets/Images/frog_dead.png using Guid(6c634e9889ed319489095f2cb187ffed) Importer(815301076,1909f56bfc062723c751e8b465ee728b)  -> (artifact id: '42bd994317d86d5a4c417810d7ab3ca2') in 0.017429 seconds
  Import took 0.020838 seconds .

========================================================================
Received Import Request.
  Time since last request: 0.000221 seconds.
  path: Assets/Images/rock.png
  artifactKey: Guid(a159e98d54c1c994382298ea8d34749c) Importer(815301076,1909f56bfc062723c751e8b465ee728b)
Start importing Assets/Images/rock.png using Guid(a159e98d54c1c994382298ea8d34749c) Importer(815301076,1909f56bfc062723c751e8b465ee728b)  -> (artifact id: '596258d49aa7b201bb74699e6c17d4a5') in 0.019828 seconds
  Import took 0.025788 seconds .

========================================================================
Received Import Request.
  Time since last request: 0.000206 seconds.
  path: Assets/Images/frog5@2x.png
  artifactKey: Guid(4981351bd245e2548b156d16ec234dbf) Importer(815301076,1909f56bfc062723c751e8b465ee728b)
Start importing Assets/Images/frog5@2x.png using Guid(4981351bd245e2548b156d16ec234dbf) Importer(815301076,1909f56bfc062723c751e8b465ee728b)  -> (artifact id: 'adb12ffcc913511f007ba83ec2a6fb39') in 0.020716 seconds
  Import took 0.023625 seconds .

========================================================================
Received Import Request.
  Time since last request: 0.000228 seconds.
  path: Assets/Images/frog6.png
  artifactKey: Guid(98970d0e5d47773439074e0b026e374e) Importer(815301076,1909f56bfc062723c751e8b465ee728b)
Start importing Assets/Images/frog6.png using Guid(98970d0e5d47773439074e0b026e374e) Importer(815301076,1909f56bfc062723c751e8b465ee728b)  -> (artifact id: '9e94939211cc1ebd3802cc7ff4e3b621') in 0.022071 seconds
  Import took 0.027200 seconds .

========================================================================
Received Import Request.
  Time since last request: 0.000163 seconds.
  path: Assets/Images/lilypad_teal@2x.png
  artifactKey: Guid(adec2a909338ad64595589f6afbc799a) Importer(815301076,1909f56bfc062723c751e8b465ee728b)
Start importing Assets/Images/lilypad_teal@2x.png using Guid(adec2a909338ad64595589f6afbc799a) Importer(815301076,1909f56bfc062723c751e8b465ee728b)  -> (artifact id: 'c02a2d9cce14eeed6a7b1e25838ec03a') in 0.025008 seconds
  Import took 0.029203 seconds .

========================================================================
Received Import Request.
  Time since last request: 0.000226 seconds.
  path: Assets/Images/lilypad_yellow.png
  artifactKey: Guid(2b64da80e569c7b4fa9bcb7d1acce133) Importer(815301076,1909f56bfc062723c751e8b465ee728b)
Start importing Assets/Images/lilypad_yellow.png using Guid(2b64da80e569c7b4fa9bcb7d1acce133) Importer(815301076,1909f56bfc062723c751e8b465ee728b)  -> (artifact id: 'ee3f7dc2e5f113d387d52efb345a0758') in 0.019453 seconds
  Import took 0.022852 seconds .

========================================================================
Received Import Request.
  Time since last request: 0.000155 seconds.
  path: Assets/Images/lilypad_yellow@2x.png
  artifactKey: Guid(876184f5ca0c3e449a301c4b097a8e5d) Importer(815301076,1909f56bfc062723c751e8b465ee728b)
Start importing Assets/Images/lilypad_yellow@2x.png using Guid(876184f5ca0c3e449a301c4b097a8e5d) Importer(815301076,1909f56bfc062723c751e8b465ee728b)  -> (artifact id: '4861b9f77b3c1deb39871540ac31cdce') in 0.023449 seconds
  Import took 0.028996 seconds .

========================================================================
Received Import Request.
  Time since last request: 0.000218 seconds.
  path: Assets/Images/lilypad_teal.png
  artifactKey: Guid(137f97c4d4be82647bca54cae102e8a5) Importer(815301076,1909f56bfc062723c751e8b465ee728b)
Start importing Assets/Images/lilypad_teal.png using Guid(137f97c4d4be82647bca54cae102e8a5) Importer(815301076,1909f56bfc062723c751e8b465ee728b)  -> (artifact id: '0332f6dac9c1b5c697626c6e98f8356b') in 0.020848 seconds
  Import took 0.026032 seconds .

========================================================================
Received Import Request.
  Time since last request: 0.000807 seconds.
  path: Assets/Images/frog3@2x.png
  artifactKey: Guid(f173248fccfd79249be192eabbe7dcb2) Importer(815301076,1909f56bfc062723c751e8b465ee728b)
Start importing Assets/Images/frog3@2x.png using Guid(f173248fccfd79249be192eabbe7dcb2) Importer(815301076,1909f56bfc062723c751e8b465ee728b)  -> (artifact id: 'cc9091248977f3c324f5135f3bd5cec7') in 0.019061 seconds
  Import took 0.024255 seconds .

========================================================================
Received Import Request.
  Time since last request: 0.000283 seconds.
  path: Assets/Images/frog4.png
  artifactKey: Guid(835f2172d4f314d4d8cf4c7a04d86529) Importer(815301076,1909f56bfc062723c751e8b465ee728b)
Start importing Assets/Images/frog4.png using Guid(835f2172d4f314d4d8cf4c7a04d86529) Importer(815301076,1909f56bfc062723c751e8b465ee728b)  -> (artifact id: '941c525ced4a957cb358af15b3b8f01f') in 0.021690 seconds
  Import took 0.030137 seconds .

========================================================================
Received Import Request.
  Time since last request: 0.000237 seconds.
  path: Assets/Images/frog3@2x.png
  artifactKey: Guid(f173248fccfd79249be192eabbe7dcb2) Importer(815301076,1909f56bfc062723c751e8b465ee728b)
Start importing Assets/Images/frog3@2x.png using Guid(f173248fccfd79249be192eabbe7dcb2) Importer(815301076,1909f56bfc062723c751e8b465ee728b)  -> (artifact id: 'cc9091248977f3c324f5135f3bd5cec7') in 0.018515 seconds
  Import took 0.022458 seconds .

========================================================================
Received Import Request.
  Time since last request: 0.000297 seconds.
  path: Assets/Images/frog4.png
  artifactKey: Guid(835f2172d4f314d4d8cf4c7a04d86529) Importer(815301076,1909f56bfc062723c751e8b465ee728b)
Start importing Assets/Images/frog4.png using Guid(835f2172d4f314d4d8cf4c7a04d86529) Importer(815301076,1909f56bfc062723c751e8b465ee728b)  -> (artifact id: '941c525ced4a957cb358af15b3b8f01f') in 0.016480 seconds
  Import took 0.020443 seconds .

========================================================================
Received Import Request.
  Time since last request: 0.000920 seconds.
  path: Assets/Images/FrogLilypad_2048x2048.png
  artifactKey: Guid(69d9bae6de754ea4a90ef40308d31258) Importer(815301076,1909f56bfc062723c751e8b465ee728b)
Start importing Assets/Images/FrogLilypad_2048x2048.png using Guid(69d9bae6de754ea4a90ef40308d31258) Importer(815301076,1909f56bfc062723c751e8b465ee728b)  -> (artifact id: '505663c0adc4bc9a0a6bd292db1d4d07') in 0.038451 seconds
  Import took 0.044625 seconds .

========================================================================
Received Import Request.
  Time since last request: 0.000391 seconds.
  path: Assets/Images/lilypad_1.png
  artifactKey: Guid(bdf48218753da9f4f910cea6640bb7e2) Importer(815301076,1909f56bfc062723c751e8b465ee728b)
Start importing Assets/Images/lilypad_1.png using Guid(bdf48218753da9f4f910cea6640bb7e2) Importer(815301076,1909f56bfc062723c751e8b465ee728b)  -> (artifact id: 'bbf7a26860ee0e3fc14dc58665bca16f') in 0.019112 seconds
  Import took 0.027173 seconds .

========================================================================
Received Import Request.
  Time since last request: 0.000412 seconds.
  path: Assets/Images/rock@2x.png
  artifactKey: Guid(307fb42937bc06c47a08b070c5eee6b8) Importer(815301076,1909f56bfc062723c751e8b465ee728b)
Start importing Assets/Images/rock@2x.png using Guid(307fb42937bc06c47a08b070c5eee6b8) Importer(815301076,1909f56bfc062723c751e8b465ee728b)  -> (artifact id: '60551745c139f46245e444d5fa7211dc') in 0.021992 seconds
  Import took 0.030106 seconds .

========================================================================
Received Prepare
Refreshing native plugins compatible for Editor in 1.66 ms, found 1 plugins.
Preloading 0 native plugins for Editor in 0.00 ms.
Unloading 10 Unused Serialized files (Serialized files now loaded: 0)
System memory in use before: 52.5 MB.
System memory in use after: 52.5 MB.

Unloading 10 unused Assets to reduce memory usage. Loaded Objects now: 2273.
Total: 16.919700 ms (FindLiveObjects: 0.846800 ms CreateObjectMapping: 0.437400 ms MarkObjects: 15.322100 ms  DeleteObjects: 0.309900 ms)

AssetImportWorkerClient::OnTransportError - code=2 error=End of file
